<?xml version='1.0' encoding='UTF-8'?>
<testsuite hostname="07aa6c40e8f2" name="crypto.aes.llm.AesRoundLLMSpec" tests="1" errors="0" failures="1" skipped="0" time="1.81" timestamp="2025-11-26T13:46:14">
          <properties>
      <property name="awt.toolkit" value="sun.awt.X11.XToolkit"/><property name="java.specification.version" value="11"/><property name="sun.cpu.isalist" value=""/><property name="sun.jnu.encoding" value="UTF-8"/><property name="sun.arch.data.model" value="64"/><property name="java.vendor.url" value="https://ubuntu.com/"/><property name="sun.boot.library.path" value="/usr/lib/jvm/java-11-openjdk-amd64/lib"/><property name="sun.java.command" value="/root/.cache/sbt/boot/sbt-launch/1.11.7/sbt-launch-1.11.7.jar testOnly crypto.aes.llm.auto.SubBytesAutoSpec"/><property name="jdk.debug" value="release"/><property name="java.specification.vendor" value="Oracle Corporation"/><property name="java.version.date" value="2025-07-15"/><property name="java.home" value="/usr/lib/jvm/java-11-openjdk-amd64"/><property name="file.separator" value="/"/><property name="java.vm.compressedOopsMode" value="32-bit"/><property name="line.separator" value="
"/><property name="java.specification.name" value="Java Platform API Specification"/><property name="java.vm.specification.vendor" value="Oracle Corporation"/><property name="sun.management.compiler" value="HotSpot 64-Bit Tiered Compilers"/><property name="java.runtime.version" value="11.0.28+6-post-Ubuntu-1ubuntu122.04.1"/><property name="user.name" value="root"/><property name="log4j.ignoreTCL" value="true"/><property name="file.encoding" value="UTF-8"/><property name="jnidispatch.path" value="/root/.cache/JNA/temp/jna10820873580001394450.tmp"/><property name="jna.loaded" value="true"/><property name="java.io.tmpdir" value="/tmp"/><property name="java.version" value="11.0.28"/><property name="java.vm.specification.name" value="Java Virtual Machine Specification"/><property name="java.awt.printerjob" value="sun.print.PSPrinterJob"/><property name="sun.os.patch.level" value="unknown"/><property name="java.library.path" value="/usr/java/packages/lib:/usr/lib/x86_64-linux-gnu/jni:/lib/x86_64-linux-gnu:/usr/lib/x86_64-linux-gnu:/usr/lib/jni:/lib:/usr/lib"/><property name="java.vendor" value="Ubuntu"/><property name="java.specification.maintenance.version" value="3"/><property name="scala.ext.dirs" value="/root/.sbt/1.0/java9-rt-ext-ubuntu_11_0_28"/><property name="sun.io.unicode.encoding" value="UnicodeLittle"/><property name="java.class.path" value="/root/.cache/sbt/boot/sbt-launch/1.11.7/sbt-launch-1.11.7.jar"/><property name="java.vm.vendor" value="Ubuntu"/><property name="jline.shutdownhook" value="false"/><property name="user.timezone" value="GMT"/><property name="os.name" value="Linux"/><property name="java.vm.specification.version" value="11"/><property name="sun.java.launcher" value="SUN_STANDARD"/><property name="sun.cpu.endian" value="little"/><property name="user.home" value="/root"/><property name="user.language" value="en"/><property name="sbt.script" value="/usr/bin/sbt"/><property name="sbt.ipcsocket.tmpdir" value="/tmp/.sbt82f575fe/ipcsocket"/><property name="swoval.tmpdir" value="/tmp/.sbt82f575fe/swoval"/><property name="java.awt.graphicsenv" value="sun.awt.X11GraphicsEnvironment"/><property name="jline.esc.timeout" value="0"/><property name="path.separator" value=":"/><property name="os.version" value="5.15.0-139-generic"/><property name="jna.nosys" value="true"/><property name="java.runtime.name" value="OpenJDK Runtime Environment"/><property name="java.vm.name" value="OpenJDK 64-Bit Server VM"/><property name="jna.platform.library.path" value="/usr/lib/x86_64-linux-gnu:/lib/x86_64-linux-gnu:/usr/lib64:/lib64:/usr/lib:/lib:/usr/lib/x86_64-linux-gnu/libfakeroot"/><property name="java.vendor.url.bug" value="https://bugs.launchpad.net/ubuntu/+source/openjdk-lts"/><property name="user.dir" value="/home/crypto-chisel-llm"/><property name="os.arch" value="amd64"/><property name="java.vm.info" value="mixed mode, sharing"/><property name="java.vm.version" value="11.0.28+6-post-Ubuntu-1ubuntu122.04.1"/><property name="java.class.version" value="55.0"/>
    </properties>
          <testcase classname="crypto.aes.llm.AesRoundLLMSpec" name="AesRoundLLM should match software AES round model" time="1.81">
                      <failure message="273962541233774226958616331971982041814 did not equal 261598246238701588625627429762007204966
Mismatch!
state = 0xca1a0cf9405eaea67d544218e3bc1045
rk = 0x8cc5821042346179cae884fc4bf82ee2
got = 0xce1b442463a177a15ae09535dd2ca2d6
exp = 0xc4cdfd55503ef2b242cd163965968466
" type="org.scalatest.exceptions.TestFailedException">org.scalatest.exceptions.TestFailedException: 273962541233774226958616331971982041814 did not equal 261598246238701588625627429762007204966
Mismatch!
state = 0xca1a0cf9405eaea67d544218e3bc1045
rk = 0x8cc5821042346179cae884fc4bf82ee2
got = 0xce1b442463a177a15ae09535dd2ca2d6
exp = 0xc4cdfd55503ef2b242cd163965968466

	at org.scalatest.Assertions.newAssertionFailedException(Assertions.scala:472)
	at org.scalatest.Assertions.newAssertionFailedException$(Assertions.scala:471)
	at org.scalatest.Assertions$.newAssertionFailedException(Assertions.scala:1231)
	at org.scalatest.Assertions$AssertionsHelper.macroAssert(Assertions.scala:1295)
	at crypto.aes.llm.AesRoundLLMSpec.$anonfun$new$4(AesRoundLLMSpec.scala:139)
	at crypto.aes.llm.AesRoundLLMSpec.$anonfun$new$4$adapted(AesRoundLLMSpec.scala:128)
	at scala.collection.immutable.Range.foreach(Range.scala:190)
	at crypto.aes.llm.AesRoundLLMSpec.$anonfun$new$3(AesRoundLLMSpec.scala:128)
	at crypto.aes.llm.AesRoundLLMSpec.$anonfun$new$3$adapted(AesRoundLLMSpec.scala:124)
	at chiseltest.internal.GenericBackend.$anonfun$run$1(GenericBackend.scala:170)
	at chiseltest.internal.ThreadedBackend$TesterThread$$anon$1.$anonfun$run$1(ThreadedBackend.scala:495)
	at chiseltest.internal.GenericBackend.doTimescope(GenericBackend.scala:104)
	at chiseltest.internal.ThreadedBackend$TesterThread$$anon$1.run(ThreadedBackend.scala:495)
	at java.base/java.lang.Thread.run(Thread.java:829)
</failure>
                    </testcase>
          <system-out><![CDATA[]]></system-out>
          <system-err><![CDATA[]]></system-err>
        </testsuite>